<?xml version="1.0" encoding="UTF-8"?>
<coverage generated="1659193259063" clover="3.2.0">
  <project timestamp="1659193259064" name="All files">
    <metrics statements="57" coveredstatements="16" conditionals="27" coveredconditionals="5" methods="23" coveredmethods="4" elements="107" coveredelements="25" complexity="0" loc="57" ncloc="57" packages="4" files="4" classes="4"/>
    <package name="src">
      <metrics statements="2" coveredstatements="2" conditionals="0" coveredconditionals="0" methods="0" coveredmethods="0"/>
      <file name="database.ts" path="/home/uilian/Projects/TSModule/sing-me-a-song/back-end/src/database.ts">
        <metrics statements="2" coveredstatements="2" conditionals="0" coveredconditionals="0" methods="0" coveredmethods="0"/>
        <line num="3" count="1" type="stmt"/>
        <line num="4" count="1" type="stmt"/>
      </file>
    </package>
    <package name="src.repositories">
      <metrics statements="13" coveredstatements="1" conditionals="1" coveredconditionals="0" methods="8" coveredmethods="0"/>
      <file name="recommendationRepository.ts" path="/home/uilian/Projects/TSModule/sing-me-a-song/back-end/src/repositories/recommendationRepository.ts">
        <metrics statements="13" coveredstatements="1" conditionals="1" coveredconditionals="0" methods="8" coveredmethods="0"/>
        <line num="6" count="0" type="stmt"/>
        <line num="17" count="0" type="stmt"/>
        <line num="19" count="0" type="stmt"/>
        <line num="27" count="0" type="stmt"/>
        <line num="36" count="0" type="cond" truecount="0" falsecount="1"/>
        <line num="38" count="0" type="stmt"/>
        <line num="40" count="0" type="stmt"/>
        <line num="46" count="0" type="stmt"/>
        <line num="52" count="0" type="stmt"/>
        <line num="58" count="0" type="stmt"/>
        <line num="59" count="0" type="stmt"/>
        <line num="68" count="0" type="stmt"/>
        <line num="73" count="1" type="stmt"/>
      </file>
    </package>
    <package name="src.services">
      <metrics statements="32" coveredstatements="12" conditionals="6" coveredconditionals="2" methods="9" coveredmethods="3"/>
      <file name="recommendationsService.ts" path="/home/uilian/Projects/TSModule/sing-me-a-song/back-end/src/services/recommendationsService.ts">
        <metrics statements="32" coveredstatements="12" conditionals="6" coveredconditionals="2" methods="9" coveredmethods="3"/>
        <line num="8" count="0" type="stmt"/>
        <line num="12" count="0" type="cond" truecount="0" falsecount="1"/>
        <line num="13" count="0" type="stmt"/>
        <line num="15" count="0" type="stmt"/>
        <line num="19" count="2" type="stmt"/>
        <line num="21" count="1" type="stmt"/>
        <line num="25" count="3" type="stmt"/>
        <line num="27" count="2" type="stmt"/>
        <line num="31" count="2" type="stmt"/>
        <line num="32" count="2" type="cond" truecount="1" falsecount="0"/>
        <line num="33" count="1" type="stmt"/>
        <line num="38" count="5" type="stmt"/>
        <line num="40" count="5" type="stmt"/>
        <line num="41" count="5" type="cond" truecount="1" falsecount="0"/>
        <line num="43" count="3" type="stmt"/>
        <line num="47" count="0" type="stmt"/>
        <line num="51" count="0" type="stmt"/>
        <line num="55" count="0" type="stmt"/>
        <line num="56" count="0" type="stmt"/>
        <line num="58" count="0" type="stmt"/>
        <line num="59" count="0" type="cond" truecount="0" falsecount="1"/>
        <line num="60" count="0" type="stmt"/>
        <line num="63" count="0" type="stmt"/>
        <line num="64" count="0" type="stmt"/>
        <line num="68" count="0" type="stmt"/>
        <line num="73" count="0" type="cond" truecount="0" falsecount="1"/>
        <line num="74" count="0" type="stmt"/>
        <line num="77" count="0" type="stmt"/>
        <line num="81" count="0" type="cond" truecount="0" falsecount="1"/>
        <line num="82" count="0" type="stmt"/>
        <line num="85" count="0" type="stmt"/>
        <line num="88" count="1" type="stmt"/>
      </file>
    </package>
    <package name="src.utils">
      <metrics statements="10" coveredstatements="1" conditionals="20" coveredconditionals="3" methods="6" coveredmethods="1"/>
      <file name="errorUtils.ts" path="/home/uilian/Projects/TSModule/sing-me-a-song/back-end/src/utils/errorUtils.ts">
        <metrics statements="10" coveredstatements="1" conditionals="20" coveredconditionals="3" methods="6" coveredmethods="1"/>
        <line num="8" count="0" type="stmt"/>
        <line num="12" count="0" type="cond" truecount="0" falsecount="1"/>
        <line num="13" count="0" type="cond" truecount="0" falsecount="1"/>
        <line num="14" count="0" type="cond" truecount="0" falsecount="1"/>
        <line num="15" count="0" type="cond" truecount="0" falsecount="1"/>
        <line num="16" count="0" type="stmt"/>
        <line num="20" count="0" type="cond" truecount="0" falsecount="4"/>
        <line num="24" count="2" type="cond" truecount="3" falsecount="1"/>
        <line num="28" count="0" type="cond" truecount="0" falsecount="4"/>
        <line num="32" count="0" type="cond" truecount="0" falsecount="4"/>
      </file>
    </package>
  </project>
</coverage>
