{"/home/uilian/Projects/TSModule/sing-me-a-song/back-end/src/database.ts": {"path":"/home/uilian/Projects/TSModule/sing-me-a-song/back-end/src/database.ts","statementMap":{"0":{"start":{"line":3,"column":25},"end":{"line":3,"column":28}},"1":{"start":{"line":4,"column":22},"end":{"line":4,"column":40}}},"fnMap":{},"branchMap":{},"s":{"0":1,"1":1},"f":{},"b":{}}
,"/home/uilian/Projects/TSModule/sing-me-a-song/back-end/src/repositories/recommendationRepository.ts": {"path":"/home/uilian/Projects/TSModule/sing-me-a-song/back-end/src/repositories/recommendationRepository.ts","statementMap":{"0":{"start":{"line":6,"column":1},"end":{"line":8,"column":4}},"1":{"start":{"line":17,"column":16},"end":{"line":17,"column":46}},"2":{"start":{"line":19,"column":1},"end":{"line":23,"column":4}},"3":{"start":{"line":27,"column":1},"end":{"line":30,"column":4}},"4":{"start":{"line":36,"column":1},"end":{"line":36,"column":30}},"5":{"start":{"line":36,"column":20},"end":{"line":36,"column":30}},"6":{"start":{"line":38,"column":32},"end":{"line":38,"column":44}},"7":{"start":{"line":40,"column":1},"end":{"line":42,"column":3}},"8":{"start":{"line":46,"column":1},"end":{"line":48,"column":4}},"9":{"start":{"line":52,"column":1},"end":{"line":54,"column":4}},"10":{"start":{"line":58,"column":1},"end":{"line":58,"column":28}},"11":{"start":{"line":59,"column":1},"end":{"line":64,"column":4}},"12":{"start":{"line":68,"column":1},"end":{"line":70,"column":4}},"13":{"start":{"line":73,"column":40},"end":{"line":81,"column":2}}},"fnMap":{"0":{"name":"create","decl":{"start":{"line":5,"column":15},"end":{"line":5,"column":21}},"loc":{"start":{"line":5,"column":72},"end":{"line":9,"column":null}}},"1":{"name":"findAll","decl":{"start":{"line":16,"column":9},"end":{"line":16,"column":16}},"loc":{"start":{"line":16,"column":44},"end":{"line":24,"column":1}}},"2":{"name":"getAmountByScore","decl":{"start":{"line":26,"column":9},"end":{"line":26,"column":25}},"loc":{"start":{"line":26,"column":38},"end":{"line":31,"column":1}}},"3":{"name":"getFindAllFilter","decl":{"start":{"line":33,"column":9},"end":{"line":33,"column":25}},"loc":{"start":{"line":34,"column":28},"end":{"line":43,"column":1}}},"4":{"name":"find","decl":{"start":{"line":45,"column":9},"end":{"line":45,"column":13}},"loc":{"start":{"line":45,"column":24},"end":{"line":49,"column":1}}},"5":{"name":"findByName","decl":{"start":{"line":51,"column":9},"end":{"line":51,"column":19}},"loc":{"start":{"line":51,"column":32},"end":{"line":55,"column":1}}},"6":{"name":"updateScore","decl":{"start":{"line":57,"column":15},"end":{"line":57,"column":26}},"loc":{"start":{"line":57,"column":75},"end":{"line":65,"column":null}}},"7":{"name":"remove","decl":{"start":{"line":67,"column":15},"end":{"line":67,"column":21}},"loc":{"start":{"line":67,"column":32},"end":{"line":71,"column":null}}}},"branchMap":{"0":{"loc":{"start":{"line":36,"column":1},"end":{"line":36,"column":30}},"type":"if","locations":[{"start":{"line":36,"column":1},"end":{"line":36,"column":30}}]}},"s":{"0":0,"1":0,"2":0,"3":0,"4":0,"5":0,"6":0,"7":0,"8":0,"9":0,"10":0,"11":0,"12":0,"13":1},"f":{"0":0,"1":0,"2":0,"3":0,"4":0,"5":0,"6":0,"7":0},"b":{"0":[0]}}
,"/home/uilian/Projects/TSModule/sing-me-a-song/back-end/src/services/recommendationsService.ts": {"path":"/home/uilian/Projects/TSModule/sing-me-a-song/back-end/src/services/recommendationsService.ts","statementMap":{"0":{"start":{"line":8,"column":32},"end":{"line":9,"column":null}},"1":{"start":{"line":12,"column":1},"end":{"line":13,"column":62}},"2":{"start":{"line":13,"column":2},"end":{"line":13,"column":62}},"3":{"start":{"line":15,"column":1},"end":{"line":15,"column":65}},"4":{"start":{"line":19,"column":1},"end":{"line":19,"column":25}},"5":{"start":{"line":21,"column":1},"end":{"line":21,"column":61}},"6":{"start":{"line":25,"column":1},"end":{"line":25,"column":25}},"7":{"start":{"line":27,"column":31},"end":{"line":29,"column":null}},"8":{"start":{"line":31,"column":1},"end":{"line":31,"column":40}},"9":{"start":{"line":32,"column":1},"end":{"line":34,"column":null}},"10":{"start":{"line":33,"column":2},"end":{"line":33,"column":44}},"11":{"start":{"line":38,"column":24},"end":{"line":38,"column":63}},"12":{"start":{"line":40,"column":1},"end":{"line":40,"column":33}},"13":{"start":{"line":41,"column":1},"end":{"line":41,"column":44}},"14":{"start":{"line":41,"column":22},"end":{"line":41,"column":44}},"15":{"start":{"line":43,"column":1},"end":{"line":43,"column":23}},"16":{"start":{"line":47,"column":1},"end":{"line":47,"column":43}},"17":{"start":{"line":51,"column":1},"end":{"line":51,"column":58}},"18":{"start":{"line":55,"column":16},"end":{"line":55,"column":29}},"19":{"start":{"line":56,"column":21},"end":{"line":56,"column":43}},"20":{"start":{"line":58,"column":25},"end":{"line":58,"column":54}},"21":{"start":{"line":59,"column":1},"end":{"line":61,"column":null}},"22":{"start":{"line":60,"column":2},"end":{"line":60,"column":24}},"23":{"start":{"line":63,"column":21},"end":{"line":63,"column":71}},"24":{"start":{"line":64,"column":1},"end":{"line":64,"column":37}},"25":{"start":{"line":68,"column":25},"end":{"line":71,"column":3}},"26":{"start":{"line":73,"column":1},"end":{"line":75,"column":null}},"27":{"start":{"line":74,"column":2},"end":{"line":74,"column":25}},"28":{"start":{"line":77,"column":1},"end":{"line":77,"column":43}},"29":{"start":{"line":81,"column":1},"end":{"line":83,"column":null}},"30":{"start":{"line":82,"column":2},"end":{"line":82,"column":14}},"31":{"start":{"line":85,"column":1},"end":{"line":85,"column":14}},"32":{"start":{"line":88,"column":37},"end":{"line":96,"column":2}}},"fnMap":{"0":{"name":"insert","decl":{"start":{"line":7,"column":15},"end":{"line":7,"column":21}},"loc":{"start":{"line":7,"column":72},"end":{"line":16,"column":null}}},"1":{"name":"upvote","decl":{"start":{"line":18,"column":15},"end":{"line":18,"column":21}},"loc":{"start":{"line":18,"column":32},"end":{"line":22,"column":null}}},"2":{"name":"downvote","decl":{"start":{"line":24,"column":15},"end":{"line":24,"column":23}},"loc":{"start":{"line":24,"column":34},"end":{"line":35,"column":null}}},"3":{"name":"getByIdOrFail","decl":{"start":{"line":37,"column":15},"end":{"line":37,"column":28}},"loc":{"start":{"line":37,"column":39},"end":{"line":44,"column":null}}},"4":{"name":"get","decl":{"start":{"line":46,"column":15},"end":{"line":46,"column":18}},"loc":{"start":{"line":46,"column":18},"end":{"line":48,"column":null}}},"5":{"name":"getTop","decl":{"start":{"line":50,"column":15},"end":{"line":50,"column":21}},"loc":{"start":{"line":50,"column":36},"end":{"line":52,"column":null}}},"6":{"name":"getRandom","decl":{"start":{"line":54,"column":15},"end":{"line":54,"column":24}},"loc":{"start":{"line":54,"column":24},"end":{"line":65,"column":null}}},"7":{"name":"getByScore","decl":{"start":{"line":67,"column":15},"end":{"line":67,"column":25}},"loc":{"start":{"line":67,"column":51},"end":{"line":78,"column":null}}},"8":{"name":"getScoreFilter","decl":{"start":{"line":80,"column":9},"end":{"line":80,"column":23}},"loc":{"start":{"line":80,"column":38},"end":{"line":86,"column":1}}}},"branchMap":{"0":{"loc":{"start":{"line":12,"column":1},"end":{"line":13,"column":62}},"type":"if","locations":[{"start":{"line":12,"column":1},"end":{"line":13,"column":62}}]},"1":{"loc":{"start":{"line":32,"column":1},"end":{"line":34,"column":null}},"type":"if","locations":[{"start":{"line":32,"column":1},"end":{"line":34,"column":null}}]},"2":{"loc":{"start":{"line":41,"column":1},"end":{"line":41,"column":44}},"type":"if","locations":[{"start":{"line":41,"column":1},"end":{"line":41,"column":44}}]},"3":{"loc":{"start":{"line":59,"column":1},"end":{"line":61,"column":null}},"type":"if","locations":[{"start":{"line":59,"column":1},"end":{"line":61,"column":null}}]},"4":{"loc":{"start":{"line":73,"column":1},"end":{"line":75,"column":null}},"type":"if","locations":[{"start":{"line":73,"column":1},"end":{"line":75,"column":null}}]},"5":{"loc":{"start":{"line":81,"column":1},"end":{"line":83,"column":null}},"type":"if","locations":[{"start":{"line":81,"column":1},"end":{"line":83,"column":null}}]}},"s":{"0":2,"1":2,"2":1,"3":1,"4":2,"5":1,"6":3,"7":2,"8":2,"9":2,"10":1,"11":5,"12":5,"13":5,"14":2,"15":3,"16":1,"17":0,"18":0,"19":0,"20":0,"21":0,"22":0,"23":0,"24":0,"25":0,"26":0,"27":0,"28":0,"29":0,"30":0,"31":0,"32":1},"f":{"0":2,"1":2,"2":3,"3":5,"4":1,"5":0,"6":0,"7":0,"8":0},"b":{"0":[1],"1":[1],"2":[2],"3":[0],"4":[0],"5":[0]}}
,"/home/uilian/Projects/TSModule/sing-me-a-song/back-end/src/utils/errorUtils.ts": {"path":"/home/uilian/Projects/TSModule/sing-me-a-song/back-end/src/utils/errorUtils.ts","statementMap":{"0":{"start":{"line":8,"column":2},"end":{"line":8,"column":48}},"1":{"start":{"line":12,"column":2},"end":{"line":12,"column":38}},"2":{"start":{"line":12,"column":27},"end":{"line":12,"column":38}},"3":{"start":{"line":13,"column":2},"end":{"line":13,"column":39}},"4":{"start":{"line":13,"column":28},"end":{"line":13,"column":39}},"5":{"start":{"line":14,"column":2},"end":{"line":14,"column":42}},"6":{"start":{"line":14,"column":31},"end":{"line":14,"column":42}},"7":{"start":{"line":15,"column":2},"end":{"line":15,"column":42}},"8":{"start":{"line":15,"column":31},"end":{"line":15,"column":42}},"9":{"start":{"line":16,"column":2},"end":{"line":16,"column":13}},"10":{"start":{"line":20,"column":2},"end":{"line":20,"column":54}},"11":{"start":{"line":24,"column":2},"end":{"line":24,"column":55}},"12":{"start":{"line":28,"column":2},"end":{"line":28,"column":58}},"13":{"start":{"line":32,"column":2},"end":{"line":32,"column":58}}},"fnMap":{"0":{"name":"isAppError","decl":{"start":{"line":7,"column":16},"end":{"line":7,"column":26}},"loc":{"start":{"line":7,"column":40},"end":{"line":9,"column":1}}},"1":{"name":"errorTypeToStatusCode","decl":{"start":{"line":11,"column":16},"end":{"line":11,"column":37}},"loc":{"start":{"line":11,"column":57},"end":{"line":17,"column":1}}},"2":{"name":"conflictError","decl":{"start":{"line":19,"column":16},"end":{"line":19,"column":29}},"loc":{"start":{"line":19,"column":46},"end":{"line":21,"column":1}}},"3":{"name":"notFoundError","decl":{"start":{"line":23,"column":16},"end":{"line":23,"column":29}},"loc":{"start":{"line":23,"column":46},"end":{"line":25,"column":1}}},"4":{"name":"unauthorizedError","decl":{"start":{"line":27,"column":16},"end":{"line":27,"column":33}},"loc":{"start":{"line":27,"column":50},"end":{"line":29,"column":1}}},"5":{"name":"wrongSchemaError","decl":{"start":{"line":31,"column":16},"end":{"line":31,"column":32}},"loc":{"start":{"line":31,"column":49},"end":{"line":33,"column":1}}}},"branchMap":{"0":{"loc":{"start":{"line":12,"column":2},"end":{"line":12,"column":38}},"type":"if","locations":[{"start":{"line":12,"column":2},"end":{"line":12,"column":38}}]},"1":{"loc":{"start":{"line":13,"column":2},"end":{"line":13,"column":39}},"type":"if","locations":[{"start":{"line":13,"column":2},"end":{"line":13,"column":39}}]},"2":{"loc":{"start":{"line":14,"column":2},"end":{"line":14,"column":42}},"type":"if","locations":[{"start":{"line":14,"column":2},"end":{"line":14,"column":42}}]},"3":{"loc":{"start":{"line":15,"column":2},"end":{"line":15,"column":42}},"type":"if","locations":[{"start":{"line":15,"column":2},"end":{"line":15,"column":42}}]},"4":{"loc":{"start":{"line":20,"column":38},"end":{"line":20,"column":51}},"type":"cond-expr","locations":[{"start":{"line":20,"column":38},"end":{"line":20,"column":45}},{"start":{"line":20,"column":49},"end":{"line":20,"column":51}}]},"5":{"loc":{"start":{"line":20,"column":38},"end":{"line":20,"column":49}},"type":"binary-expr","locations":[{"start":{"line":20,"column":38},"end":{"line":20,"column":49}},{"start":{"line":20,"column":38},"end":{"line":20,"column":49}}]},"6":{"loc":{"start":{"line":24,"column":39},"end":{"line":24,"column":52}},"type":"cond-expr","locations":[{"start":{"line":24,"column":39},"end":{"line":24,"column":46}},{"start":{"line":24,"column":50},"end":{"line":24,"column":52}}]},"7":{"loc":{"start":{"line":24,"column":39},"end":{"line":24,"column":50}},"type":"binary-expr","locations":[{"start":{"line":24,"column":39},"end":{"line":24,"column":50}},{"start":{"line":24,"column":39},"end":{"line":24,"column":50}}]},"8":{"loc":{"start":{"line":28,"column":42},"end":{"line":28,"column":55}},"type":"cond-expr","locations":[{"start":{"line":28,"column":42},"end":{"line":28,"column":49}},{"start":{"line":28,"column":53},"end":{"line":28,"column":55}}]},"9":{"loc":{"start":{"line":28,"column":42},"end":{"line":28,"column":53}},"type":"binary-expr","locations":[{"start":{"line":28,"column":42},"end":{"line":28,"column":53}},{"start":{"line":28,"column":42},"end":{"line":28,"column":53}}]},"10":{"loc":{"start":{"line":32,"column":42},"end":{"line":32,"column":55}},"type":"cond-expr","locations":[{"start":{"line":32,"column":42},"end":{"line":32,"column":49}},{"start":{"line":32,"column":53},"end":{"line":32,"column":55}}]},"11":{"loc":{"start":{"line":32,"column":42},"end":{"line":32,"column":53}},"type":"binary-expr","locations":[{"start":{"line":32,"column":42},"end":{"line":32,"column":53}},{"start":{"line":32,"column":42},"end":{"line":32,"column":53}}]}},"s":{"0":0,"1":0,"2":0,"3":0,"4":0,"5":0,"6":0,"7":0,"8":0,"9":0,"10":1,"11":2,"12":0,"13":0},"f":{"0":0,"1":0,"2":1,"3":2,"4":0,"5":0},"b":{"0":[0],"1":[0],"2":[0],"3":[0],"4":[1,0],"5":[1,1],"6":[0,2],"7":[2,2],"8":[0,0],"9":[0,0],"10":[0,0],"11":[0,0]}}
,"/home/uilian/Projects/TSModule/sing-me-a-song/back-end/tests/factories/recommendation.factory.ts": {"path":"/home/uilian/Projects/TSModule/sing-me-a-song/back-end/tests/factories/recommendation.factory.ts","statementMap":{"0":{"start":{"line":4,"column":25},"end":{"line":4,"column":28}},"1":{"start":{"line":5,"column":15},"end":{"line":5,"column":33}},"2":{"start":{"line":7,"column":26},"end":{"line":28,"column":2}},"3":{"start":{"line":30,"column":24},"end":{"line":51,"column":2}},"4":{"start":{"line":54,"column":21},"end":{"line":55,"column":null}},"5":{"start":{"line":57,"column":18},"end":{"line":57,"column":null}},"6":{"start":{"line":61,"column":1},"end":{"line":66,"column":3}},"7":{"start":{"line":70,"column":1},"end":{"line":70,"column":79}},"8":{"start":{"line":74,"column":1},"end":{"line":74,"column":38}},"9":{"start":{"line":78,"column":1},"end":{"line":80,"column":4}},"10":{"start":{"line":84,"column":1},"end":{"line":86,"column":4}},"11":{"start":{"line":85,"column":45},"end":{"line":85,"column":71}},"12":{"start":{"line":90,"column":1},"end":{"line":93,"column":4}},"13":{"start":{"line":97,"column":1},"end":{"line":97,"column":60}},"14":{"start":{"line":101,"column":1},"end":{"line":101,"column":62}},"15":{"start":{"line":104,"column":30},"end":{"line":113,"column":2}}},"fnMap":{"0":{"name":"createRecommendationData","decl":{"start":{"line":53,"column":9},"end":{"line":53,"column":33}},"loc":{"start":{"line":53,"column":33},"end":{"line":67,"column":1}}},"1":{"name":"deleteAllRecommendations","decl":{"start":{"line":69,"column":9},"end":{"line":69,"column":33}},"loc":{"start":{"line":69,"column":33},"end":{"line":71,"column":1}}},"2":{"name":"countRecommendations","decl":{"start":{"line":73,"column":9},"end":{"line":73,"column":29}},"loc":{"start":{"line":73,"column":29},"end":{"line":75,"column":1}}},"3":{"name":"createRecommendation","decl":{"start":{"line":77,"column":9},"end":{"line":77,"column":29}},"loc":{"start":{"line":77,"column":29},"end":{"line":81,"column":1}}},"4":{"name":"createManyRecommendations","decl":{"start":{"line":83,"column":9},"end":{"line":83,"column":34}},"loc":{"start":{"line":83,"column":49},"end":{"line":87,"column":1}}},"5":{"name":"(anonymous_5)","decl":{"start":{"line":85,"column":39},"end":{"line":85,"column":42}},"loc":{"start":{"line":85,"column":45},"end":{"line":85,"column":71}}},"6":{"name":"setScoreRecommendation","decl":{"start":{"line":89,"column":9},"end":{"line":89,"column":31}},"loc":{"start":{"line":89,"column":57},"end":{"line":94,"column":1}}},"7":{"name":"getRecommendationById","decl":{"start":{"line":96,"column":9},"end":{"line":96,"column":30}},"loc":{"start":{"line":96,"column":41},"end":{"line":98,"column":1}}},"8":{"name":"getRecommendationByname","decl":{"start":{"line":100,"column":9},"end":{"line":100,"column":32}},"loc":{"start":{"line":100,"column":45},"end":{"line":102,"column":1}}}},"branchMap":{},"s":{"0":1,"1":1,"2":1,"3":1,"4":2,"5":2,"6":2,"7":0,"8":0,"9":0,"10":0,"11":0,"12":0,"13":0,"14":0,"15":1},"f":{"0":2,"1":0,"2":0,"3":0,"4":0,"5":0,"6":0,"7":0,"8":0},"b":{}}
}
