TN:
SF:src/database.ts
FNF:0
FNH:0
DA:3,1
DA:4,1
LF:2
LH:2
BRF:0
BRH:0
end_of_record
TN:
SF:src/repositories/recommendationRepository.ts
FN:5,create
FN:16,findAll
FN:26,getAmountByScore
FN:33,getFindAllFilter
FN:45,find
FN:51,findByName
FN:57,updateScore
FN:67,remove
FNF:8
FNH:0
FNDA:0,create
FNDA:0,findAll
FNDA:0,getAmountByScore
FNDA:0,getFindAllFilter
FNDA:0,find
FNDA:0,findByName
FNDA:0,updateScore
FNDA:0,remove
DA:6,0
DA:17,0
DA:19,0
DA:27,0
DA:36,0
DA:38,0
DA:40,0
DA:46,0
DA:52,0
DA:58,0
DA:59,0
DA:68,0
DA:73,1
LF:13
LH:1
BRDA:36,0,0,0
BRF:1
BRH:0
end_of_record
TN:
SF:src/services/recommendationsService.ts
FN:7,insert
FN:18,upvote
FN:24,downvote
FN:37,getByIdOrFail
FN:46,get
FN:50,getTop
FN:54,getRandom
FN:67,getByScore
FN:80,getScoreFilter
FNF:9
FNH:5
FNDA:2,insert
FNDA:2,upvote
FNDA:3,downvote
FNDA:5,getByIdOrFail
FNDA:1,get
FNDA:0,getTop
FNDA:0,getRandom
FNDA:0,getByScore
FNDA:0,getScoreFilter
DA:8,2
DA:12,2
DA:13,1
DA:15,1
DA:19,2
DA:21,1
DA:25,3
DA:27,2
DA:31,2
DA:32,2
DA:33,1
DA:38,5
DA:40,5
DA:41,5
DA:43,3
DA:47,1
DA:51,0
DA:55,0
DA:56,0
DA:58,0
DA:59,0
DA:60,0
DA:63,0
DA:64,0
DA:68,0
DA:73,0
DA:74,0
DA:77,0
DA:81,0
DA:82,0
DA:85,0
DA:88,1
LF:32
LH:17
BRDA:12,0,0,1
BRDA:32,1,0,1
BRDA:41,2,0,2
BRDA:59,3,0,0
BRDA:73,4,0,0
BRDA:81,5,0,0
BRF:6
BRH:3
end_of_record
TN:
SF:src/utils/errorUtils.ts
FN:7,isAppError
FN:11,errorTypeToStatusCode
FN:19,conflictError
FN:23,notFoundError
FN:27,unauthorizedError
FN:31,wrongSchemaError
FNF:6
FNH:2
FNDA:0,isAppError
FNDA:0,errorTypeToStatusCode
FNDA:1,conflictError
FNDA:2,notFoundError
FNDA:0,unauthorizedError
FNDA:0,wrongSchemaError
DA:8,0
DA:12,0
DA:13,0
DA:14,0
DA:15,0
DA:16,0
DA:20,1
DA:24,2
DA:28,0
DA:32,0
LF:10
LH:2
BRDA:12,0,0,0
BRDA:13,1,0,0
BRDA:14,2,0,0
BRDA:15,3,0,0
BRDA:20,4,0,1
BRDA:20,4,1,0
BRDA:20,5,0,1
BRDA:20,5,1,1
BRDA:24,6,0,0
BRDA:24,6,1,2
BRDA:24,7,0,2
BRDA:24,7,1,2
BRDA:28,8,0,0
BRDA:28,8,1,0
BRDA:28,9,0,0
BRDA:28,9,1,0
BRDA:32,10,0,0
BRDA:32,10,1,0
BRDA:32,11,0,0
BRDA:32,11,1,0
BRF:20
BRH:6
end_of_record
TN:
SF:tests/factories/recommendation.factory.ts
FN:53,createRecommendationData
FN:69,deleteAllRecommendations
FN:73,countRecommendations
FN:77,createRecommendation
FN:83,createManyRecommendations
FN:85,(anonymous_5)
FN:89,setScoreRecommendation
FN:96,getRecommendationById
FN:100,getRecommendationByname
FNF:9
FNH:1
FNDA:2,createRecommendationData
FNDA:0,deleteAllRecommendations
FNDA:0,countRecommendations
FNDA:0,createRecommendation
FNDA:0,createManyRecommendations
FNDA:0,(anonymous_5)
FNDA:0,setScoreRecommendation
FNDA:0,getRecommendationById
FNDA:0,getRecommendationByname
DA:4,1
DA:5,1
DA:7,1
DA:30,1
DA:54,2
DA:57,2
DA:61,2
DA:70,0
DA:74,0
DA:78,0
DA:84,0
DA:85,0
DA:90,0
DA:97,0
DA:101,0
DA:104,1
LF:16
LH:8
BRF:0
BRH:0
end_of_record
